<?xml version="1.0" encoding="UTF-8"?>
<coverage generated="1603302525890" clover="3.2.0">
  <project timestamp="1603302525890" name="All files">
    <metrics statements="25" coveredstatements="15" conditionals="4" coveredconditionals="1" methods="11" coveredmethods="1" elements="40" coveredelements="17" complexity="0" loc="25" ncloc="25" packages="3" files="7" classes="7"/>
    <package name="components.Button">
      <metrics statements="19" coveredstatements="9" conditionals="4" coveredconditionals="1" methods="11" coveredmethods="1"/>
      <file name="Button.js" path="F:\Desarrollo\react-neonui\src\components\Button\Button.js">
        <metrics statements="6" coveredstatements="6" conditionals="2" coveredconditionals="1" methods="1" coveredmethods="1"/>
        <line num="6" count="1" type="stmt"/>
        <line num="7" count="2" type="stmt"/>
        <line num="9" count="2" type="stmt"/>
        <line num="21" count="1" type="stmt"/>
        <line num="28" count="1" type="stmt"/>
        <line num="35" count="1" type="stmt"/>
      </file>
      <file name="StyledButton.js" path="F:\Desarrollo\react-neonui\src\components\Button\StyledButton.js">
        <metrics statements="13" coveredstatements="3" conditionals="2" coveredconditionals="0" methods="10" coveredmethods="0"/>
        <line num="5" count="1" type="stmt"/>
        <line num="6" count="0" type="stmt"/>
        <line num="8" count="0" type="stmt"/>
        <line num="10" count="0" type="stmt"/>
        <line num="12" count="0" type="stmt"/>
        <line num="15" count="1" type="stmt"/>
        <line num="17" count="0" type="stmt"/>
        <line num="18" count="0" type="stmt"/>
        <line num="19" count="0" type="stmt"/>
        <line num="20" count="0" type="stmt"/>
        <line num="22" count="0" type="stmt"/>
        <line num="35" count="0" type="cond" truecount="0" falsecount="2"/>
        <line num="39" count="1" type="stmt"/>
      </file>
      <file name="index.js" path="F:\Desarrollo\react-neonui\src\components\Button\index.js">
        <metrics statements="0" coveredstatements="0" conditionals="0" coveredconditionals="0" methods="0" coveredmethods="0"/>
      </file>
    </package>
    <package name="components.common">
      <metrics statements="4" coveredstatements="4" conditionals="0" coveredconditionals="0" methods="0" coveredmethods="0"/>
      <file name="index.js" path="F:\Desarrollo\react-neonui\src\components\common\index.js">
        <metrics statements="4" coveredstatements="4" conditionals="0" coveredconditionals="0" methods="0" coveredmethods="0"/>
        <line num="3" count="1" type="stmt"/>
        <line num="9" count="1" type="stmt"/>
        <line num="15" count="1" type="stmt"/>
        <line num="21" count="1" type="stmt"/>
      </file>
    </package>
    <package name="themes">
      <metrics statements="2" coveredstatements="2" conditionals="0" coveredconditionals="0" methods="0" coveredmethods="0"/>
      <file name="cyberpunk.js" path="F:\Desarrollo\react-neonui\src\themes\cyberpunk.js">
        <metrics statements="1" coveredstatements="1" conditionals="0" coveredconditionals="0" methods="0" coveredmethods="0"/>
        <line num="1" count="1" type="stmt"/>
      </file>
      <file name="index.js" path="F:\Desarrollo\react-neonui\src\themes\index.js">
        <metrics statements="0" coveredstatements="0" conditionals="0" coveredconditionals="0" methods="0" coveredmethods="0"/>
      </file>
      <file name="neon.js" path="F:\Desarrollo\react-neonui\src\themes\neon.js">
        <metrics statements="1" coveredstatements="1" conditionals="0" coveredconditionals="0" methods="0" coveredmethods="0"/>
        <line num="1" count="1" type="stmt"/>
      </file>
    </package>
  </project>
</coverage>
