{"F:\\Desarrollo\\react-neonui\\src\\components\\Button\\Button.js": {"path":"F:\\Desarrollo\\react-neonui\\src\\components\\Button\\Button.js","statementMap":{"0":{"start":{"line":6,"column":22},"end":{"line":19,"column":2}},"1":{"start":{"line":7,"column":57},"end":{"line":7,"column":62}},"2":{"start":{"line":9,"column":2},"end":{"line":18,"column":3}},"3":{"start":{"line":21,"column":0},"end":{"line":26,"column":1}},"4":{"start":{"line":28,"column":0},"end":{"line":33,"column":1}},"5":{"start":{"line":35,"column":0},"end":{"line":35,"column":29}}},"fnMap":{"0":{"name":"Button","decl":{"start":{"line":6,"column":48},"end":{"line":6,"column":54}},"loc":{"start":{"line":6,"column":67},"end":{"line":19,"column":1}},"line":6}},"branchMap":{"0":{"loc":{"start":{"line":12,"column":15},"end":{"line":12,"column":45}},"type":"cond-expr","locations":[{"start":{"line":12,"column":26},"end":{"line":12,"column":35}},{"start":{"line":12,"column":38},"end":{"line":12,"column":45}}],"line":12}},"s":{"0":1,"1":2,"2":2,"3":1,"4":1,"5":1},"f":{"0":2},"b":{"0":[0,2]},"_coverageSchema":"1a1c01bbd47fc00a2c39e90264f33305004495a9","hash":"820ec30d72a4cb546c649573f42bbf194b307ba6"}
,"F:\\Desarrollo\\react-neonui\\src\\components\\Button\\StyledButton.js": {"path":"F:\\Desarrollo\\react-neonui\\src\\components\\Button\\StyledButton.js","statementMap":{"0":{"start":{"line":5,"column":14},"end":{"line":13,"column":1}},"1":{"start":{"line":6,"column":35},"end":{"line":6,"column":62}},"2":{"start":{"line":8,"column":4},"end":{"line":8,"column":65}},"3":{"start":{"line":10,"column":4},"end":{"line":10,"column":50}},"4":{"start":{"line":12,"column":4},"end":{"line":12,"column":57}},"5":{"start":{"line":15,"column":28},"end":{"line":37,"column":1}},"6":{"start":{"line":17,"column":35},"end":{"line":17,"column":63}},"7":{"start":{"line":18,"column":26},"end":{"line":18,"column":40}},"8":{"start":{"line":19,"column":29},"end":{"line":19,"column":44}},"9":{"start":{"line":20,"column":32},"end":{"line":20,"column":53}},"10":{"start":{"line":22,"column":4},"end":{"line":22,"column":66}},"11":{"start":{"line":35,"column":26},"end":{"line":35,"column":46}},"12":{"start":{"line":39,"column":0},"end":{"line":41,"column":1}}},"fnMap":{"0":{"name":"(anonymous_0)","decl":{"start":{"line":6,"column":11},"end":{"line":6,"column":12}},"loc":{"start":{"line":6,"column":35},"end":{"line":6,"column":62}},"line":6},"1":{"name":"(anonymous_1)","decl":{"start":{"line":7,"column":12},"end":{"line":7,"column":13}},"loc":{"start":{"line":8,"column":4},"end":{"line":8,"column":65}},"line":8},"2":{"name":"(anonymous_2)","decl":{"start":{"line":9,"column":17},"end":{"line":9,"column":18}},"loc":{"start":{"line":10,"column":4},"end":{"line":10,"column":50}},"line":10},"3":{"name":"(anonymous_3)","decl":{"start":{"line":11,"column":16},"end":{"line":11,"column":17}},"loc":{"start":{"line":12,"column":4},"end":{"line":12,"column":57}},"line":12},"4":{"name":"(anonymous_4)","decl":{"start":{"line":17,"column":11},"end":{"line":17,"column":12}},"loc":{"start":{"line":17,"column":35},"end":{"line":17,"column":63}},"line":17},"5":{"name":"(anonymous_5)","decl":{"start":{"line":18,"column":12},"end":{"line":18,"column":13}},"loc":{"start":{"line":18,"column":26},"end":{"line":18,"column":40}},"line":18},"6":{"name":"(anonymous_6)","decl":{"start":{"line":19,"column":15},"end":{"line":19,"column":16}},"loc":{"start":{"line":19,"column":29},"end":{"line":19,"column":44}},"line":19},"7":{"name":"(anonymous_7)","decl":{"start":{"line":20,"column":17},"end":{"line":20,"column":18}},"loc":{"start":{"line":20,"column":32},"end":{"line":20,"column":53}},"line":20},"8":{"name":"(anonymous_8)","decl":{"start":{"line":21,"column":12},"end":{"line":21,"column":13}},"loc":{"start":{"line":22,"column":4},"end":{"line":22,"column":66}},"line":22},"9":{"name":"(anonymous_9)","decl":{"start":{"line":35,"column":6},"end":{"line":35,"column":7}},"loc":{"start":{"line":35,"column":26},"end":{"line":35,"column":46}},"line":35}},"branchMap":{"0":{"loc":{"start":{"line":35,"column":26},"end":{"line":35,"column":46}},"type":"binary-expr","locations":[{"start":{"line":35,"column":26},"end":{"line":35,"column":37}},{"start":{"line":35,"column":41},"end":{"line":35,"column":46}}],"line":35}},"s":{"0":1,"1":0,"2":0,"3":0,"4":0,"5":1,"6":0,"7":0,"8":0,"9":0,"10":0,"11":0,"12":1},"f":{"0":0,"1":0,"2":0,"3":0,"4":0,"5":0,"6":0,"7":0,"8":0,"9":0},"b":{"0":[0,0]},"_coverageSchema":"1a1c01bbd47fc00a2c39e90264f33305004495a9","hash":"9e1da1f62abbf202625688fa582278cc52584c46"}
,"F:\\Desarrollo\\react-neonui\\src\\components\\Button\\index.js": {"path":"F:\\Desarrollo\\react-neonui\\src\\components\\Button\\index.js","statementMap":{},"fnMap":{},"branchMap":{},"s":{},"f":{},"b":{},"_coverageSchema":"1a1c01bbd47fc00a2c39e90264f33305004495a9","hash":"31d76a4ac5cf7bc7ac3d4f0f0caf8252f73ce813"}
,"F:\\Desarrollo\\react-neonui\\src\\components\\common\\index.js": {"path":"F:\\Desarrollo\\react-neonui\\src\\components\\common\\index.js","statementMap":{"0":{"start":{"line":3,"column":24},"end":{"line":7,"column":1}},"1":{"start":{"line":9,"column":25},"end":{"line":13,"column":1}},"2":{"start":{"line":15,"column":27},"end":{"line":19,"column":1}},"3":{"start":{"line":21,"column":21},"end":{"line":24,"column":1}}},"fnMap":{},"branchMap":{},"s":{"0":1,"1":1,"2":1,"3":1},"f":{},"b":{},"_coverageSchema":"1a1c01bbd47fc00a2c39e90264f33305004495a9","hash":"7c709df629cc48efa15942461c499e779e6b7696"}
,"F:\\Desarrollo\\react-neonui\\src\\themes\\cyberpunk.js": {"path":"F:\\Desarrollo\\react-neonui\\src\\themes\\cyberpunk.js","statementMap":{"0":{"start":{"line":1,"column":25},"end":{"line":30,"column":1}}},"fnMap":{},"branchMap":{},"s":{"0":1},"f":{},"b":{},"_coverageSchema":"1a1c01bbd47fc00a2c39e90264f33305004495a9","hash":"0698be525fff7c75a894fa3f75b1e98b32af7e6b"}
,"F:\\Desarrollo\\react-neonui\\src\\themes\\index.js": {"path":"F:\\Desarrollo\\react-neonui\\src\\themes\\index.js","statementMap":{},"fnMap":{},"branchMap":{},"s":{},"f":{},"b":{},"_coverageSchema":"1a1c01bbd47fc00a2c39e90264f33305004495a9","hash":"058d33227f8a77e5c0f7b4ecdfe164b619e41167"}
,"F:\\Desarrollo\\react-neonui\\src\\themes\\neon.js": {"path":"F:\\Desarrollo\\react-neonui\\src\\themes\\neon.js","statementMap":{"0":{"start":{"line":1,"column":20},"end":{"line":30,"column":1}}},"fnMap":{},"branchMap":{},"s":{"0":1},"f":{},"b":{},"_coverageSchema":"1a1c01bbd47fc00a2c39e90264f33305004495a9","hash":"eb20bedaf09cb5b8a5b724f46948e302028d1216"}
}
