TN:
SF:src\components\Button\Button.js
FN:6,Button
FNF:1
FNH:1
FNDA:2,Button
DA:6,1
DA:7,2
DA:9,2
DA:21,1
DA:28,1
DA:35,1
LF:6
LH:6
BRDA:12,0,0,0
BRDA:12,0,1,2
BRF:2
BRH:1
end_of_record
TN:
SF:src\components\Button\StyledButton.js
FN:6,(anonymous_0)
FN:7,(anonymous_1)
FN:9,(anonymous_2)
FN:11,(anonymous_3)
FN:17,(anonymous_4)
FN:18,(anonymous_5)
FN:19,(anonymous_6)
FN:20,(anonymous_7)
FN:21,(anonymous_8)
FN:35,(anonymous_9)
FNF:10
FNH:0
FNDA:0,(anonymous_0)
FNDA:0,(anonymous_1)
FNDA:0,(anonymous_2)
FNDA:0,(anonymous_3)
FNDA:0,(anonymous_4)
FNDA:0,(anonymous_5)
FNDA:0,(anonymous_6)
FNDA:0,(anonymous_7)
FNDA:0,(anonymous_8)
FNDA:0,(anonymous_9)
DA:5,1
DA:6,0
DA:8,0
DA:10,0
DA:12,0
DA:15,1
DA:17,0
DA:18,0
DA:19,0
DA:20,0
DA:22,0
DA:35,0
DA:39,1
LF:13
LH:3
BRDA:35,0,0,0
BRDA:35,0,1,0
BRF:2
BRH:0
end_of_record
TN:
SF:src\components\Button\index.js
FNF:0
FNH:0
LF:0
LH:0
BRF:0
BRH:0
end_of_record
TN:
SF:src\components\common\index.js
FNF:0
FNH:0
DA:3,1
DA:9,1
DA:15,1
DA:21,1
LF:4
LH:4
BRF:0
BRH:0
end_of_record
TN:
SF:src\themes\cyberpunk.js
FNF:0
FNH:0
DA:1,1
LF:1
LH:1
BRF:0
BRH:0
end_of_record
TN:
SF:src\themes\index.js
FNF:0
FNH:0
LF:0
LH:0
BRF:0
BRH:0
end_of_record
TN:
SF:src\themes\neon.js
FNF:0
FNH:0
DA:1,1
LF:1
LH:1
BRF:0
BRH:0
end_of_record
